
> drissman-frontend@0.1.0 build
> next build

Ôû▓ Next.js 16.1.3 (Turbopack)
- Environments: .env.local

  Creating an optimized production build ...
node.exe : 
Au caractère C:\Program 
Files\nodejs\npm.ps1:29 : 3
+   & $NODE_EXE 
$NPM_CLI_JS $args
+   ~~~~~~~~~~~~~~~~~~~~~~~
~~~~~~
    + CategoryInfo         
     : NotSpecified: (:St  
  ring) [], RemoteExcept   
 ion
    + FullyQualifiedErrorI 
   d : NativeCommandError
 
> Build error occurred
Error: Turbopack build 
failed with 1 errors:
./src/app/(admin)/sessions/
admin/page.tsx:7:1
Module not found: Can't 
resolve 
'./SessionFormModal'
[0m [90m  5 |[39m 
[36mimport[39m { [33mLoa
der2[39m[33m,[39m [33mC
alendarDays[39m[33m,[39m
 [33mPlus[39m[33m,[39m 
[33mClock[39m[33m,[39m 
[33mMapPin[39m[33m,[39m
 [33mUser[39m[33m,[39m 
[33mCheckCircle[39m[33m,
[39m [33mXCircle[39m } 
[36mfrom[39m [32m"lucide
-react"[39m[33m;[39m
 [90m  6 |[39m 
[36mimport[39m { 
[33mSessionStatus[39m } 
[36mfrom[39m [32m"@/type
s/partner"[39m[33m;[39m
[31m[1m>[22m[39m[90m  
7 |[39m [36mimport[39m 
[33mSessionFormModal[39m 
[36mfrom[39m [32m"./Sess
ionFormModal"[39m[33m;[3
9m
 [90m    |[39m [31m[1m^
[22m[39m[31m[1m^[22m[
39m[31m[1m^[22m[39m[31
m[1m^[22m[39m[31m[1m^
[22m[39m[31m[1m^[22m[3
9m[31m[1m^[22m[39m[31m
[1m^[22m[39m[31m[1m^[
22m[39m[31m[1m^[22m[39
m[31m[1m^[22m[39m[31m
[1m^[22m[39m[31m[1m^[2
2m[39m[31m[1m^[22m[39m
[31m[1m^[22m[39m[31m[
1m^[22m[39m[31m[1m^[22
m[39m[31m[1m^[22m[39m
[31m[1m^[22m[39m[31m[1
m^[22m[39m[31m[1m^[22m
[39m[31m[1m^[22m[39m[
31m[1m^[22m[39m[31m[1m
^[22m[39m[31m[1m^[22m
[39m[31m[1m^[22m[39m[3
1m[1m^[22m[39m[31m[1m^
[22m[39m[31m[1m^[22m[
39m[31m[1m^[22m[39m[31
m[1m^[22m[39m[31m[1m^
[22m[39m[31m[1m^[22m[3
9m[31m[1m^[22m[39m[31m
[1m^[22m[39m[31m[1m^[
22m[39m[31m[1m^[22m[39
m[31m[1m^[22m[39m[31m
[1m^[22m[39m[31m[1m^[2
2m[39m[31m[1m^[22m[39m
[31m[1m^[22m[39m[31m[
1m^[22m[39m[31m[1m^[22
m[39m[31m[1m^[22m[39m
[31m[1m^[22m[39m[31m[1
m^[22m[39m[31m[1m^[22m
[39m[31m[1m^[22m[39m[
31m[1m^[22m[39m
 [90m  8 |[39m
 [90m  9 |[39m 
[36mexport[39m 
[36mdefault[39m 
[36mfunction[39m [33mAdm
inSessionsPage[39m() {
 [90m 10 |[39m     
[36mconst[39m { 
sessions[33m,[39m 
loading[33m,[39m 
error[33m,[39m 
updateStatus } [33m=[39m 
useSessions()[33m;[39m[0
m



Import traces:
  Client Component Browser:
    ./src/app/(admin)/sessi
ons/admin/page.tsx [Client 
Component Browser]
    ./src/app/(admin)/sessi
ons/admin/page.tsx [Server 
Component]

  Client Component SSR:
    ./src/app/(admin)/sessi
ons/admin/page.tsx [Client 
Component SSR]
    ./src/app/(admin)/sessi
ons/admin/page.tsx [Server 
Component]

https://nextjs.org/docs/mes
sages/module-not-found


    at <unknown> (./src/app
/(admin)/sessions/admin/pag
e.tsx:7:1)
    at <unknown> (https://n
extjs.org/docs/messages/mod
ule-not-found)
